2020-04-27 10:08:35,597 [Worker-1] INFO  c.g.t.t.d.PublishedGradleVersions - Gradle version information cache is up-to-date. Trying to read.
2020-04-27 10:11:04,015 [Worker-7] INFO  o.e.m.c.i.l.LifecycleMappingFactory - Using org.eclipse.m2e.jdt.JarLifecycleMapping lifecycle mapping for MavenProject: com.selenium.maven:Cucumber:0.0.1-SNAPSHOT @ G:\EclipseMohan\Cucumber\pom.xml.
2020-04-27 10:11:04,015 [Worker-0] INFO  o.e.m.c.i.l.LifecycleMappingFactory - Using org.eclipse.m2e.jdt.JarLifecycleMapping lifecycle mapping for MavenProject: com.selenium.maven:Cucumber:0.0.1-SNAPSHOT @ G:\EclipseMohan\Cucumber\pom.xml.
2020-04-27 10:11:08,608 [Worker-0] INFO  o.e.m.c.i.embedder.EclipseLogger - Using 'UTF-8' encoding to copy filtered resources.
2020-04-27 10:11:08,608 [Worker-0] INFO  o.e.m.c.i.embedder.EclipseLogger - skip non existing resourceDirectory G:\EclipseMohan\Cucumber\src\main\resources
2020-04-27 10:11:08,611 [Worker-0] INFO  o.e.m.c.i.embedder.EclipseLogger - Using 'UTF-8' encoding to copy filtered resources.
2020-04-27 10:11:08,611 [Worker-0] INFO  o.e.m.c.i.embedder.EclipseLogger - skip non existing resourceDirectory G:\EclipseMohan\Cucumber\src\test\resources
2020-04-27 10:11:10,441 [Worker-9] INFO  o.e.m.c.i.l.LifecycleMappingFactory - Using org.eclipse.m2e.jdt.JarLifecycleMapping lifecycle mapping for MavenProject: com.selenium.maven:Cucumber:0.0.1-SNAPSHOT @ G:\EclipseMohan\Cucumber\pom.xml.
2020-04-27 10:11:12,735 [Worker-6] INFO  o.e.m.c.i.embedder.EclipseLogger - Using 'UTF-8' encoding to copy filtered resources.
2020-04-27 10:11:12,735 [Worker-6] INFO  o.e.m.c.i.embedder.EclipseLogger - skip non existing resourceDirectory G:\EclipseMohan\Cucumber\src\main\resources
2020-04-27 10:11:12,737 [Worker-6] INFO  o.e.m.c.i.embedder.EclipseLogger - Using 'UTF-8' encoding to copy filtered resources.
2020-04-27 10:11:12,737 [Worker-6] INFO  o.e.m.c.i.embedder.EclipseLogger - skip non existing resourceDirectory G:\EclipseMohan\Cucumber\src\test\resources
2020-04-27 10:12:00,529 [Worker-6] INFO  o.e.m.c.i.embedder.EclipseLogger - Using 'UTF-8' encoding to copy filtered resources.
2020-04-27 10:12:00,529 [Worker-6] INFO  o.e.m.c.i.embedder.EclipseLogger - skip non existing resourceDirectory G:\EclipseMohan\Cucumber\src\main\resources
2020-04-27 10:12:00,531 [Worker-6] INFO  o.e.m.c.i.embedder.EclipseLogger - Using 'UTF-8' encoding to copy filtered resources.
2020-04-27 10:12:00,531 [Worker-6] INFO  o.e.m.c.i.embedder.EclipseLogger - skip non existing resourceDirectory G:\EclipseMohan\Cucumber\src\test\resources
2020-04-27 10:12:11,277 [Worker-16] INFO  o.e.m.c.i.embedder.EclipseLogger - Using 'UTF-8' encoding to copy filtered resources.
2020-04-27 10:12:11,277 [Worker-16] INFO  o.e.m.c.i.embedder.EclipseLogger - skip non existing resourceDirectory G:\EclipseMohan\Cucumber\src\main\resources
2020-04-27 10:12:11,278 [Worker-16] INFO  o.e.m.c.i.embedder.EclipseLogger - Using 'UTF-8' encoding to copy filtered resources.
2020-04-27 10:12:11,278 [Worker-16] INFO  o.e.m.c.i.embedder.EclipseLogger - skip non existing resourceDirectory G:\EclipseMohan\Cucumber\src\test\resources
